<?xml version="1.0" encoding="UTF-8"?>
<testng-results ignored="0" total="1" passed="1" failed="0" skipped="0">
  <reporter-output>
  </reporter-output>
  <suite started-at="2022-11-07T14:56:09Z" name="BDD Test Suite" finished-at="2022-11-07T14:56:09Z" duration-ms="476">
    <groups>
      <group name="cucumber">
        <method signature="TestRunner.feature(cucumber.api.testng.CucumberFeatureWrapper)[pri:0, instance:MyRunner.TestRunner@3e96bacf]" name="feature" class="MyRunner.TestRunner"/>
      </group> <!-- cucumber -->
    </groups>
    <test started-at="2022-11-07T14:56:09Z" name="FREE CRM Test" finished-at="2022-11-07T14:56:09Z" duration-ms="476">
      <class name="MyRunner.TestRunner">
        <test-method is-config="true" signature="beforeScenario()[pri:0, instance:MyRunner.TestRunner@3e96bacf]" started-at="2022-11-07T14:56:09Z" name="beforeScenario" finished-at="2022-11-07T14:56:09Z" duration-ms="8" status="PASS">
          <reporter-output>
          </reporter-output>
        </test-method> <!-- beforeScenario -->
        <test-method is-config="true" signature="setUpClass()[pri:0, instance:MyRunner.TestRunner@3e96bacf]" started-at="2022-11-07T14:56:09Z" name="setUpClass" finished-at="2022-11-07T14:56:09Z" duration-ms="189" status="PASS">
          <reporter-output>
          </reporter-output>
        </test-method> <!-- setUpClass -->
        <test-method signature="feature(cucumber.api.testng.CucumberFeatureWrapper)[pri:0, instance:MyRunner.TestRunner@3e96bacf]" started-at="2022-11-07T14:56:09Z" name="feature" description="Runs Cucumber Feature" data-provider="features" finished-at="2022-11-07T14:56:09Z" duration-ms="197" status="PASS">
          <params>
            <param index="0">
              <value>
                <![CDATA[Second TestCase Scenario]]>
              </value>
            </param>
          </params>
          <reporter-output>
          </reporter-output>
        </test-method> <!-- feature -->
        <test-method is-config="true" signature="tearDownClass()[pri:0, instance:MyRunner.TestRunner@3e96bacf]" started-at="2022-11-07T14:56:09Z" name="tearDownClass" finished-at="2022-11-07T14:56:09Z" duration-ms="16" status="PASS">
          <reporter-output>
          </reporter-output>
        </test-method> <!-- tearDownClass -->
        <test-method is-config="true" signature="afterScenario()[pri:0, instance:MyRunner.TestRunner@3e96bacf]" started-at="2022-11-07T14:56:09Z" name="afterScenario" finished-at="2022-11-07T14:56:09Z" duration-ms="0" status="PASS">
          <reporter-output>
          </reporter-output>
        </test-method> <!-- afterScenario -->
      </class> <!-- MyRunner.TestRunner -->
    </test> <!-- FREE CRM Test -->
  </suite> <!-- BDD Test Suite -->
</testng-results>
